<?xml version="1.0" encoding="UTF-8"?>
<testng-results ignored="0" total="1" passed="1" failed="0" skipped="0">
  <reporter-output>
  </reporter-output>
  <suite started-at="2022-12-09T19:57:14 IST" name="Suite" finished-at="2022-12-09T19:57:19 IST" duration-ms="5041">
    <groups>
    </groups>
    <test started-at="2022-12-09T19:57:14 IST" name="Test" finished-at="2022-12-09T19:57:19 IST" duration-ms="5041">
      <class name="com.Test.Test_1">
        <test-method is-config="true" signature="initialization()[pri:0, instance:com.Test.Test_1@4007f65e]" started-at="2022-12-09T19:57:13 IST" name="initialization" finished-at="2022-12-09T19:57:14 IST" duration-ms="694" status="PASS">
          <reporter-output>
          </reporter-output>
        </test-method> <!-- initialization -->
        <test-method is-config="true" signature="setup(java.lang.String)[pri:0, instance:com.Test.Test_1@4007f65e]" started-at="2022-12-09T19:57:14 IST" name="setup" finished-at="2022-12-09T19:57:18 IST" duration-ms="3516" status="PASS">
          <params>
            <param index="0">
              <value>
                <![CDATA[chrome]]>
              </value>
            </param>
          </params>
          <reporter-output>
          </reporter-output>
        </test-method> <!-- setup -->
        <test-method signature="verify_loginpage()[pri:0, instance:com.Test.Test_1@4007f65e]" started-at="2022-12-09T19:57:18 IST" name="verify_loginpage" finished-at="2022-12-09T19:57:18 IST" duration-ms="269" status="PASS">
          <reporter-output>
          </reporter-output>
        </test-method> <!-- verify_loginpage -->
        <test-method is-config="true" signature="teardown()[pri:0, instance:com.Test.Test_1@4007f65e]" started-at="2022-12-09T19:57:19 IST" name="teardown" finished-at="2022-12-09T19:57:19 IST" duration-ms="141" status="PASS">
          <reporter-output>
          </reporter-output>
        </test-method> <!-- teardown -->
      </class> <!-- com.Test.Test_1 -->
    </test> <!-- Test -->
  </suite> <!-- Suite -->
</testng-results>
